[32m[Nest] 64809  - [39m11/27/2025, 1:10:57 AM [32m    LOG[39m [38;5;3m[NestFactory] [39m[32mStarting Nest application...[39m
[32m[Nest] 64809  - [39m11/27/2025, 1:10:57 AM [32m    LOG[39m [38;5;3m[InstanceLoader] [39m[32mAppModule dependencies initialized[39m[38;5;3m +8ms[39m
[32m[Nest] 64809  - [39m11/27/2025, 1:10:57 AM [32m    LOG[39m [38;5;3m[InstanceLoader] [39m[32mPrismaModule dependencies initialized[39m[38;5;3m +17ms[39m
[32m[Nest] 64809  - [39m11/27/2025, 1:10:57 AM [32m    LOG[39m [38;5;3m[InstanceLoader] [39m[32mRedisModule dependencies initialized[39m[38;5;3m +0ms[39m
[32m[Nest] 64809  - [39m11/27/2025, 1:10:57 AM [32m    LOG[39m [38;5;3m[InstanceLoader] [39m[32mPassportModule dependencies initialized[39m[38;5;3m +0ms[39m
[32m[Nest] 64809  - [39m11/27/2025, 1:10:57 AM [32m    LOG[39m [38;5;3m[InstanceLoader] [39m[32mJwtModule dependencies initialized[39m[38;5;3m +12ms[39m
[32m[Nest] 64809  - [39m11/27/2025, 1:10:57 AM [32m    LOG[39m [38;5;3m[InstanceLoader] [39m[32mJwtModule dependencies initialized[39m[38;5;3m +0ms[39m
[32m[Nest] 64809  - [39m11/27/2025, 1:10:57 AM [32m    LOG[39m [38;5;3m[InstanceLoader] [39m[32mConfigHostModule dependencies initialized[39m[38;5;3m +0ms[39m
[32m[Nest] 64809  - [39m11/27/2025, 1:10:57 AM [32m    LOG[39m [38;5;3m[InstanceLoader] [39m[32mConfigModule dependencies initialized[39m[38;5;3m +0ms[39m
[32m[Nest] 64809  - [39m11/27/2025, 1:10:57 AM [32m    LOG[39m [38;5;3m[InstanceLoader] [39m[32mAuthModule dependencies initialized[39m[38;5;3m +1ms[39m
[32m[Nest] 64809  - [39m11/27/2025, 1:10:57 AM [32m    LOG[39m [38;5;3m[InstanceLoader] [39m[32mSpreadsModule dependencies initialized[39m[38;5;3m +0ms[39m
[32m[Nest] 64809  - [39m11/27/2025, 1:10:57 AM [32m    LOG[39m [38;5;3m[InstanceLoader] [39m[32mAssetsModule dependencies initialized[39m[38;5;3m +0ms[39m
[32m[Nest] 64809  - [39m11/27/2025, 1:10:57 AM [32m    LOG[39m [38;5;3m[InstanceLoader] [39m[32mTradesModule dependencies initialized[39m[38;5;3m +0ms[39m
[32m[Nest] 64809  - [39m11/27/2025, 1:10:57 AM [32m    LOG[39m [38;5;3m[InstanceLoader] [39m[32mMarketModule dependencies initialized[39m[38;5;3m +0ms[39m
[32m[Nest] 64809  - [39m11/27/2025, 1:10:57 AM [32m    LOG[39m [38;5;3m[InstanceLoader] [39m[32mUsersModule dependencies initialized[39m[38;5;3m +0ms[39m
[32m[Nest] 64809  - [39m11/27/2025, 1:10:57 AM [32m    LOG[39m [38;5;3m[WebSocketsController] [39m[32mMarketGateway subscribed to the "subscribe" message[39m[38;5;3m +11ms[39m
[32m[Nest] 64809  - [39m11/27/2025, 1:10:57 AM [32m    LOG[39m [38;5;3m[WebSocketsController] [39m[32mMarketGateway subscribed to the "unsubscribe" message[39m[38;5;3m +0ms[39m
[32m[Nest] 64809  - [39m11/27/2025, 1:10:57 AM [32m    LOG[39m [38;5;3m[RoutesResolver] [39m[32mAuthController {/api/v1/auth}:[39m[38;5;3m +1ms[39m
[32m[Nest] 64809  - [39m11/27/2025, 1:10:57 AM [32m    LOG[39m [38;5;3m[RouterExplorer] [39m[32mMapped {/api/v1/auth/login, POST} route[39m[38;5;3m +0ms[39m
[32m[Nest] 64809  - [39m11/27/2025, 1:10:57 AM [32m    LOG[39m [38;5;3m[RoutesResolver] [39m[32mUsersController {/api/v1}:[39m[38;5;3m +0ms[39m
[32m[Nest] 64809  - [39m11/27/2025, 1:10:57 AM [32m    LOG[39m [38;5;3m[RouterExplorer] [39m[32mMapped {/api/v1/admin/users, POST} route[39m[38;5;3m +0ms[39m
[32m[Nest] 64809  - [39m11/27/2025, 1:10:57 AM [32m    LOG[39m [38;5;3m[RouterExplorer] [39m[32mMapped {/api/v1/admin/users, GET} route[39m[38;5;3m +0ms[39m
[32m[Nest] 64809  - [39m11/27/2025, 1:10:57 AM [32m    LOG[39m [38;5;3m[RouterExplorer] [39m[32mMapped {/api/v1/admin/users/:userId, GET} route[39m[38;5;3m +0ms[39m
[32m[Nest] 64809  - [39m11/27/2025, 1:10:57 AM [32m    LOG[39m [38;5;3m[RouterExplorer] [39m[32mMapped {/api/v1/admin/users/:userId, PUT} route[39m[38;5;3m +1ms[39m
[32m[Nest] 64809  - [39m11/27/2025, 1:10:57 AM [32m    LOG[39m [38;5;3m[RouterExplorer] [39m[32mMapped {/api/v1/admin/users/:userId, DELETE} route[39m[38;5;3m +0ms[39m
[32m[Nest] 64809  - [39m11/27/2025, 1:10:57 AM [32m    LOG[39m [38;5;3m[RouterExplorer] [39m[32mMapped {/api/v1/users/:userId/positions, GET} route[39m[38;5;3m +0ms[39m
[32m[Nest] 64809  - [39m11/27/2025, 1:10:57 AM [32m    LOG[39m [38;5;3m[RouterExplorer] [39m[32mMapped {/api/v1/api_keys, POST} route[39m[38;5;3m +0ms[39m
[32m[Nest] 64809  - [39m11/27/2025, 1:10:57 AM [32m    LOG[39m [38;5;3m[RouterExplorer] [39m[32mMapped {/api/v1/api_keys, GET} route[39m[38;5;3m +0ms[39m
[32m[Nest] 64809  - [39m11/27/2025, 1:10:57 AM [32m    LOG[39m [38;5;3m[RouterExplorer] [39m[32mMapped {/api/v1/api_keys/:keyId, DELETE} route[39m[38;5;3m +0ms[39m
[32m[Nest] 64809  - [39m11/27/2025, 1:10:57 AM [32m    LOG[39m [38;5;3m[RoutesResolver] [39m[32mInternalController {/api/v1/internal}:[39m[38;5;3m +0ms[39m
[32m[Nest] 64809  - [39m11/27/2025, 1:10:57 AM [32m    LOG[39m [38;5;3m[RouterExplorer] [39m[32mMapped {/api/v1/internal/credentials/:exchange, GET} route[39m[38;5;3m +0ms[39m
[32m[Nest] 64809  - [39m11/27/2025, 1:10:57 AM [32m    LOG[39m [38;5;3m[RouterExplorer] [39m[32mMapped {/api/v1/internal/credentials, GET} route[39m[38;5;3m +0ms[39m
[32m[Nest] 64809  - [39m11/27/2025, 1:10:57 AM [32m    LOG[39m [38;5;3m[RoutesResolver] [39m[32mSpreadsController {/api/v1/spreads}:[39m[38;5;3m +0ms[39m
[32m[Nest] 64809  - [39m11/27/2025, 1:10:57 AM [32m    LOG[39m [38;5;3m[RouterExplorer] [39m[32mMapped {/api/v1/spreads, GET} route[39m[38;5;3m +0ms[39m
[32m[Nest] 64809  - [39m11/27/2025, 1:10:57 AM [32m    LOG[39m [38;5;3m[RouterExplorer] [39m[32mMapped {/api/v1/spreads/:spreadId, GET} route[39m[38;5;3m +0ms[39m
[32m[Nest] 64809  - [39m11/27/2025, 1:10:57 AM [32m    LOG[39m [38;5;3m[RouterExplorer] [39m[32mMapped {/api/v1/spreads/:spreadId/history, GET} route[39m[38;5;3m +0ms[39m
[32m[Nest] 64809  - [39m11/27/2025, 1:10:57 AM [32m    LOG[39m [38;5;3m[RouterExplorer] [39m[32mMapped {/api/v1/spreads/:spreadId/candles, GET} route[39m[38;5;3m +0ms[39m
[32m[Nest] 64809  - [39m11/27/2025, 1:10:57 AM [32m    LOG[39m [38;5;3m[RouterExplorer] [39m[32mMapped {/api/v1/spreads/:spreadId/slippage, GET} route[39m[38;5;3m +0ms[39m
[32m[Nest] 64809  - [39m11/27/2025, 1:10:57 AM [32m    LOG[39m [38;5;3m[RoutesResolver] [39m[32mTradesController {/api/v1/trade}:[39m[38;5;3m +0ms[39m
[32m[Nest] 64809  - [39m11/27/2025, 1:10:57 AM [32m    LOG[39m [38;5;3m[RouterExplorer] [39m[32mMapped {/api/v1/trade/enter, POST} route[39m[38;5;3m +0ms[39m
[32m[Nest] 64809  - [39m11/27/2025, 1:10:57 AM [32m    LOG[39m [38;5;3m[RouterExplorer] [39m[32mMapped {/api/v1/trade/exit/:positionId, POST} route[39m[38;5;3m +0ms[39m
[32m[Nest] 64809  - [39m11/27/2025, 1:10:57 AM [32m    LOG[39m [38;5;3m[RouterExplorer] [39m[32mMapped {/api/v1/trade/positions, GET} route[39m[38;5;3m +0ms[39m
[32m[Nest] 64809  - [39m11/27/2025, 1:10:57 AM [32m    LOG[39m [38;5;3m[RouterExplorer] [39m[32mMapped {/api/v1/trade/positions/:positionId, GET} route[39m[38;5;3m +0ms[39m
[32m[Nest] 64809  - [39m11/27/2025, 1:10:57 AM [32m    LOG[39m [38;5;3m[RouterExplorer] [39m[32mMapped {/api/v1/trade/orders, GET} route[39m[38;5;3m +0ms[39m
[32m[Nest] 64809  - [39m11/27/2025, 1:10:57 AM [32m    LOG[39m [38;5;3m[RouterExplorer] [39m[32mMapped {/api/v1/trade/orders/:orderId/cancel, POST} route[39m[38;5;3m +0ms[39m
[32m[Nest] 64809  - [39m11/27/2025, 1:10:57 AM [32m    LOG[39m [38;5;3m[RoutesResolver] [39m[32mMarketController {/api/v1}:[39m[38;5;3m +0ms[39m
[32m[Nest] 64809  - [39m11/27/2025, 1:10:57 AM [32m    LOG[39m [38;5;3m[RouterExplorer] [39m[32mMapped {/api/v1/tokens, GET} route[39m[38;5;3m +0ms[39m
[32m[Nest] 64809  - [39m11/27/2025, 1:10:57 AM [32m    LOG[39m [38;5;3m[RouterExplorer] [39m[32mMapped {/api/v1/exchanges, GET} route[39m[38;5;3m +0ms[39m
[32m[Nest] 64809  - [39m11/27/2025, 1:10:57 AM [32m    LOG[39m [38;5;3m[RoutesResolver] [39m[32mAssetsController {/api/v1/assets}:[39m[38;5;3m +0ms[39m
[32m[Nest] 64809  - [39m11/27/2025, 1:10:57 AM [32m    LOG[39m [38;5;3m[RouterExplorer] [39m[32mMapped {/api/v1/assets, GET} route[39m[38;5;3m +0ms[39m
[32m[Nest] 64809  - [39m11/27/2025, 1:10:57 AM [32m    LOG[39m [38;5;3m[RouterExplorer] [39m[32mMapped {/api/v1/assets/exchange/:exchange, GET} route[39m[38;5;3m +0ms[39m
[32m[Nest] 64809  - [39m11/27/2025, 1:10:57 AM [32m    LOG[39m [38;5;3m[RouterExplorer] [39m[32mMapped {/api/v1/assets/asset/:asset, GET} route[39m[38;5;3m +0ms[39m
[32m[Nest] 64809  - [39m11/27/2025, 1:10:57 AM [32m    LOG[39m [38;5;3m[RouterExplorer] [39m[32mMapped {/api/v1/assets/:exchange/:asset, GET} route[39m[38;5;3m +0ms[39m
[32m[Nest] 64809  - [39m11/27/2025, 1:10:57 AM [32m    LOG[39m [38;5;3m[NestApplication] [39m[32mNest application successfully started[39m[38;5;3m +105ms[39m
CrossSpread API running on port 8000
[31m[Nest] 64809  - [39m11/27/2025, 1:11:12 AM [31m  ERROR[39m [38;5;3m[ExceptionsHandler] [39m[31mLOADING Redis is loading the dataset in memory[39m
Error: LOADING Redis is loading the dataset in memory
    at #decodeSimpleError (/Users/shuiali/Documents/FA2.0/crossspread/crossspread/node_modules/@redis/client/dist/lib/RESP/decoder.js:457:13)
    at #decodeTypeValue (/Users/shuiali/Documents/FA2.0/crossspread/crossspread/node_modules/@redis/client/dist/lib/RESP/decoder.js:104:91)
    at Decoder.write (/Users/shuiali/Documents/FA2.0/crossspread/crossspread/node_modules/@redis/client/dist/lib/RESP/decoder.js:74:38)
    at RedisSocket.<anonymous> (/Users/shuiali/Documents/FA2.0/crossspread/crossspread/node_modules/@redis/client/dist/lib/client/index.js:437:37)
    at RedisSocket.emit (node:events:508:28)
    at Socket.<anonymous> (/Users/shuiali/Documents/FA2.0/crossspread/crossspread/node_modules/@redis/client/dist/lib/client/socket.js:235:38)
    at Socket.emit (node:events:508:28)
    at addChunk (node:internal/streams/readable:559:12)
    at readableAddChunkPushByteMode (node:internal/streams/readable:510:3)
    at Readable.push (node:internal/streams/readable:390:5)
[31m[Nest] 64809  - [39m11/27/2025, 1:11:13 AM [31m  ERROR[39m [38;5;3m[ExceptionsHandler] [39m[31mLOADING Redis is loading the dataset in memory[39m
Error: LOADING Redis is loading the dataset in memory
    at #decodeSimpleError (/Users/shuiali/Documents/FA2.0/crossspread/crossspread/node_modules/@redis/client/dist/lib/RESP/decoder.js:457:13)
    at #decodeTypeValue (/Users/shuiali/Documents/FA2.0/crossspread/crossspread/node_modules/@redis/client/dist/lib/RESP/decoder.js:104:91)
    at Decoder.write (/Users/shuiali/Documents/FA2.0/crossspread/crossspread/node_modules/@redis/client/dist/lib/RESP/decoder.js:74:38)
    at RedisSocket.<anonymous> (/Users/shuiali/Documents/FA2.0/crossspread/crossspread/node_modules/@redis/client/dist/lib/client/index.js:437:37)
    at RedisSocket.emit (node:events:508:28)
    at Socket.<anonymous> (/Users/shuiali/Documents/FA2.0/crossspread/crossspread/node_modules/@redis/client/dist/lib/client/socket.js:235:38)
    at Socket.emit (node:events:508:28)
    at addChunk (node:internal/streams/readable:559:12)
    at readableAddChunkPushByteMode (node:internal/streams/readable:510:3)
    at Readable.push (node:internal/streams/readable:390:5)
No spreads:list found in Redis
No spreads:list found in Redis
No spreads:list found in Redis
No spreads:list found in Redis
No spreads:list found in Redis
No spreads:list found in Redis
No spreads:list found in Redis
No spreads:list found in Redis
No spreads:list found in Redis
No spreads:list found in Redis
No spreads:list found in Redis
No spreads:list found in Redis
No spreads:list found in Redis
No spreads:list found in Redis
No spreads:list found in Redis
No spreads:list found in Redis
No spreads:list found in Redis
No spreads:list found in Redis
No spreads:list found in Redis
No spreads:list found in Redis
No spreads:list found in Redis
No spreads:list found in Redis
No spreads:list found in Redis
No spreads:list found in Redis
No spreads:list found in Redis
No spreads:list found in Redis
No spreads:list found in Redis
No spreads:list found in Redis
No spreads:list found in Redis
No spreads:list found in Redis
No spreads:list found in Redis
No spreads:list found in Redis
No spreads:list found in Redis
No spreads:list found in Redis
No spreads:list found in Redis
No spreads:list found in Redis
No spreads:list found in Redis
No spreads:list found in Redis
No spreads:list found in Redis
No spreads:list found in Redis
No spreads:list found in Redis
No spreads:list found in Redis
No spreads:list found in Redis
No spreads:list found in Redis
No spreads:list found in Redis
No spreads:list found in Redis
No spreads:list found in Redis
No spreads:list found in Redis
No spreads:list found in Redis
No spreads:list found in Redis
No spreads:list found in Redis
No spreads:list found in Redis
No spreads:list found in Redis
No spreads:list found in Redis
No spreads:list found in Redis
No spreads:list found in Redis
No spreads:list found in Redis
No spreads:list found in Redis
No spreads:list found in Redis
No spreads:list found in Redis
No spreads:list found in Redis
No spreads:list found in Redis
No spreads:list found in Redis
No spreads:list found in Redis
No spreads:list found in Redis
No spreads:list found in Redis
No spreads:list found in Redis
No spreads:list found in Redis
No spreads:list found in Redis
